<?xml version="1.0" encoding="UTF-8"?>
<testng-results ignored="0" total="2" passed="2" failed="0" skipped="0">
  <reporter-output>
  </reporter-output>
  <suite started-at="2023-08-09T07:56:50 IST" name="Default suite" finished-at="2023-08-09T07:56:50 IST" duration-ms="363">
    <groups>
    </groups>
    <test started-at="2023-08-09T07:56:50 IST" name="Default test" finished-at="2023-08-09T07:56:50 IST" duration-ms="363">
      <class name="com.testngFeatures.AssertTest">
        <test-method signature="f()[pri:0, instance:com.testngFeatures.AssertTest@57cf54e1]" started-at="2023-08-09T07:56:50 IST" name="f" finished-at="2023-08-09T07:56:50 IST" duration-ms="83" status="PASS">
          <reporter-output>
          </reporter-output>
        </test-method> <!-- f -->
        <test-method signature="f1()[pri:0, instance:com.testngFeatures.AssertTest@57cf54e1]" started-at="2023-08-09T07:56:50 IST" name="f1" finished-at="2023-08-09T07:56:50 IST" duration-ms="10" status="PASS">
          <reporter-output>
          </reporter-output>
        </test-method> <!-- f1 -->
      </class> <!-- com.testngFeatures.AssertTest -->
    </test> <!-- Default test -->
  </suite> <!-- Default suite -->
</testng-results>
